***  Installation Started 12/04/2006 15:44  ***
Title: Traci Installation
Source: R:\setup.exe | 10-30-2006 | 12:56:06 | 65482440
RegDB Key: SOFTWARE\Microsoft\Access Runtime\9.0\Profiles
RegDB Val: SOFTWARE\ICF Consulting\Traci 2.0
RegDB Name: Traci 2.0
RegDB Root: 2
RegDB Key: SOFTWARE\ICF Consulting\Traci 2.0\Run-Time Options
RegDB Val: Traci 2.0
RegDB Name: TitleBar
RegDB Root: 2
RegDB Key: SOFTWARE\ICF Consulting\Traci 2.0\Run-Time Options
RegDB Val: TRACI2.chm
RegDB Name: AppHelpFile
RegDB Root: 2
RegDB Key: SOFTWARE\ICF Consulting\Traci 2.0\Run-Time Options
RegDB Val: C:\Program Files\Traci 2.0\TRACI.ICO
RegDB Name: Icon
RegDB Root: 2
RegDB Key: SOFTWARE\ICF Consulting\Traci 2.0\Run-Time Options
RegDB Val: 
RegDB Name: StartupScreen
RegDB Root: 2
RegDB Key: SOFTWARE\ICF Consulting\Traci 2.0\Report Formats
RegDB Val: html,SOA_RptToHtml,1,HTML (*.html),1
RegDB Name: HTML
RegDB Root: 2
RegDB Key: SOFTWARE\ICF Consulting\Traci 2.0\Report Formats
RegDB Val: txt,SOA_RptToAscii,1,MS-DOS Text (*.txt),0
RegDB Name: Text Files
RegDB Root: 2
RegDB Key: SOFTWARE\ICF Consulting\Traci 2.0\Report Formats
RegDB Val: xls,SOA_RptToBIFF, Biff5,Microsoft Excel Biff5 (*.xls),0
RegDB Name: Microsoft Excel 5-7
RegDB Root: 2
RegDB Key: SOFTWARE\ICF Consulting\Traci 2.0\Report Formats
RegDB Val: xls,SOA_RptToBIFF, Biff8,Microsoft Excel Biff8 (*.xls),0
RegDB Name: Microsoft Excel 97-2002
RegDB Root: 2
RegDB Key: SOFTWARE\ICF Consulting\Traci 2.0\Report Formats
RegDB Val: rtf,SOA_RptToRTF,Rich Text Format,Rich Text Format (*.rtf),0
RegDB Name: Rich Text Format
RegDB Root: 2
RegDB Key: SOFTWARE\ICF Consulting\Traci 2.0\Report Formats
RegDB Val: snp,,1,Snapshot Format (*.snp),0
RegDB Name: Snapshot Format
RegDB Root: 2
RegDB Key: SOFTWARE\ICF Consulting\Traci 2.0\Report Formats
RegDB Val: html,,DAP Format,MicrosoftAccessDataAccessPage (*.htm;*.html),36
RegDB Name: Data Access Page
RegDB Root: 2
RegDB Key: SOFTWARE\ICF Consulting\Traci 2.0\Report Formats
RegDB Val: xml,,XML Format,XML (*.xml),364
RegDB Name: XML
RegDB Root: 2
RegDB Key: SOFTWARE\ICF Consulting\Traci 2.0\Clipboard Formats
RegDB Val: soa.dll,30,html,HTML Format,HTML(*.html),1
RegDB Name: HTML (*.htm; *.html)
RegDB Root: 2
RegDB Key: SOFTWARE\ICF Consulting\Traci 2.0\Clipboard Formats
RegDB Val: soa.dll,10,txt,7,MS-DOSText(*.txt),0
RegDB Name: Text Files (*.txt)
RegDB Root: 2
RegDB Key: SOFTWARE\ICF Consulting\Traci 2.0\Clipboard Formats
RegDB Val: soa.dll,37,asp,ASP,MicrosoftActiveServerPages(*.asp),561
RegDB Name: Microsoft Active Server Pages (*.asp)
RegDB Root: 2
RegDB Key: SOFTWARE\ICF Consulting\Traci 2.0\Clipboard Formats
RegDB Val: soa.dll,39,xls,Biff8,MicrosoftExcelBiff8(*.xls),0
RegDB Name: Microsoft Excel (*.xls)
RegDB Root: 2
RegDB Key: SOFTWARE\ICF Consulting\Traci 2.0\Clipboard Formats
RegDB Val: soa.dll,8,xls,Biff5,MicrosoftExcelBiff5(*.xls),0
RegDB Name: Microsoft Excel 5-7 (*.xls)
RegDB Root: 2
RegDB Key: SOFTWARE\ICF Consulting\Traci 2.0\Clipboard Formats
RegDB Val: soa.dll,34,htx,HTX,MicrosoftIIS(*.htx;*.idc),547
RegDB Name: Microsoft IIS (*.htx; *.idc)
RegDB Root: 2
RegDB Key: SOFTWARE\ICF Consulting\Traci 2.0\Clipboard Formats
RegDB Val: soa.dll,9,rtf,Rich Text Format,RichTextFormat(*.rtf),0
RegDB Name: Rich Text Format (*.rtf)
RegDB Root: 2
RegDB Key: SOFTWARE\ICF Consulting\Traci 2.0\Clipboard Formats
RegDB Val: soa.dll,38,html,DAP Format,MicrosoftAccessDataAccessPage(*.htm;*.html),676
RegDB Name: Data Access Page (*.htm; *.html)
RegDB Root: 2
RegDB Key: SOFTWARE\ICF Consulting\Traci 2.0\Clipboard Formats
RegDB Val: soa.dll,40,xml,XML Format,XML(*.xml),1004
RegDB Name: XML (*.xml)
RegDB Root: 2
RegDB Key: SOFTWARE\ICF Consulting\Traci 2.0\Clipboard Formats
RegDB Val: soa.dll,39,xls,Biff8,MicrosoftExcelBiff8(*.xls),0
RegDB Name: Microsoft Excel 97-2002 (*.xls)
RegDB Root: 2
RegDB Key: SOFTWARE\ICF Consulting\Traci 2.0\Jet\4.0\Engines
RegDB Val: C:\PROGRA~1\TRACI2~1.0\system.mdw
RegDB Name: SystemDB
RegDB Root: 2
RegDB Key: SOFTWARE\ICF Consulting\Traci 2.0\Jet\4.0\ISAM Formats\Excel 8.0
RegDB Val: mx_entry
RegDB Name: ImportWizardFunction
RegDB Root: 2
RegDB Key: SOFTWARE\ICF Consulting\Traci 2.0\Jet\4.0\ISAM Formats\Excel 5.0
RegDB Val: mx_entry
RegDB Name: ImportWizardFunction
RegDB Root: 2
RegDB Key: SOFTWARE\ICF Consulting\Traci 2.0\Jet\4.0\ISAM Formats\Excel 4.0
RegDB Val: mx_entry
RegDB Name: ImportWizardFunction
RegDB Root: 2
RegDB Key: SOFTWARE\ICF Consulting\Traci 2.0\Jet\4.0\ISAM Formats\Excel 3.0
RegDB Val: mx_entry
RegDB Name: ImportWizardFunction
RegDB Root: 2
RegDB Key: SOFTWARE\ICF Consulting\Traci 2.0\Jet\4.0\ISAM Formats\Exchange 4.0
RegDB Val: mx_entry
RegDB Name: ImportWizardFunction
RegDB Root: 2
RegDB Key: SOFTWARE\ICF Consulting\Traci 2.0\Jet\4.0\ISAM Formats\Exchange 4.0
RegDB Val: YES
RegDB Name: AutoRun
RegDB Root: 2
RegDB Key: SOFTWARE\ICF Consulting\Traci 2.0\Jet\4.0\ISAM Formats\HTML Import
RegDB Val: mx_entry
RegDB Name: ImportWizardFunction
RegDB Root: 2
RegDB Key: SOFTWARE\ICF Consulting\Traci 2.0\Jet\4.0\ISAM Formats\Lotus WK1
RegDB Val: mx_entry
RegDB Name: ImportWizardFunction
RegDB Root: 2
RegDB Key: SOFTWARE\ICF Consulting\Traci 2.0\Jet\4.0\ISAM Formats\Lotus WK3
RegDB Val: mx_entry
RegDB Name: ImportWizardFunction
RegDB Root: 2
RegDB Key: SOFTWARE\ICF Consulting\Traci 2.0\Jet\4.0\ISAM Formats\Lotus WK4
RegDB Val: mx_entry
RegDB Name: ImportWizardFunction
RegDB Root: 2
RegDB Key: SOFTWARE\ICF Consulting\Traci 2.0\Jet\4.0\ISAM Formats\Microsoft Access
RegDB Val: 1
RegDB Name: CanLink
RegDB Root: 2
RegDB Key: SOFTWARE\ICF Consulting\Traci 2.0\Jet\4.0\ISAM Formats\Microsoft Access
RegDB Val: 0
RegDB Name: CreateDBOnExport
RegDB Root: 2
RegDB Key: SOFTWARE\ICF Consulting\Traci 2.0\Jet\4.0\ISAM Formats\Microsoft Access
RegDB Val: 0
RegDB Name: OneTablePerFile
RegDB Root: 2
RegDB Key: SOFTWARE\ICF Consulting\Traci 2.0\Jet\4.0\ISAM Formats\Microsoft Access
RegDB Val: 0
RegDB Name: IndexDialog
RegDB Root: 2
RegDB Key: SOFTWARE\ICF Consulting\Traci 2.0\Jet\4.0\ISAM Formats\Microsoft Access
RegDB Val: Microsoft Access (*.mdb;*.adp;*.mda;*.mde, *.ade)
RegDB Name: ExportFilter
RegDB Root: 2
RegDB Key: SOFTWARE\ICF Consulting\Traci 2.0\Jet\4.0\ISAM Formats\Microsoft Access
RegDB Val: Microsoft Access (*.mdb;*.adp;*.mda;*.mde, *.ade)
RegDB Name: ImportFilter
RegDB Root: 2
RegDB Key: SOFTWARE\ICF Consulting\Traci 2.0\Jet\4.0\ISAM Formats\MicrosoftAccessDataAccessPage
RegDB Val: Yes
RegDB Name: DisableSelection
RegDB Root: 2
RegDB Key: SOFTWARE\ICF Consulting\Traci 2.0\Jet\4.0\ISAM Formats\MicrosoftAccessDataAccessPage
RegDB Val: Yes
RegDB Name: CanExportToDAP
RegDB Root: 2
RegDB Key: SOFTWARE\ICF Consulting\Traci 2.0\Jet\4.0\ISAM Formats\MicrosoftAccessDataAccessPage
RegDB Val: Yes
RegDB Name: TextualOutput
RegDB Root: 2
RegDB Key: SOFTWARE\ICF Consulting\Traci 2.0\Jet\4.0\ISAM Formats\MicrosoftAccessDataAccessPage
RegDB Val: Microsoft Access Data Access Page (*.htm; *.html)
RegDB Name: OutputFormat
RegDB Root: 2
RegDB Key: SOFTWARE\ICF Consulting\Traci 2.0\Jet\4.0\ISAM Formats\MicrosoftAccessDataAccessPage
RegDB Val: Microsoft Access Data Access Page (*.htm; *.html)
RegDB Name: ExportFilter
RegDB Root: 2
RegDB Key: SOFTWARE\ICF Consulting\Traci 2.0\Jet\4.0\ISAM Formats\MicrosoftAccessDataAccessPage
RegDB Val: Yes
RegDB Name: DisableAutostart
RegDB Root: 2
RegDB Key: SOFTWARE\ICF Consulting\Traci 2.0\Jet\4.0\ISAM Formats\MicrosoftAccessDataAccessPage
RegDB Val: 1
RegDB Name: OneTablePerFile
RegDB Root: 2
RegDB Key: SOFTWARE\ICF Consulting\Traci 2.0\Jet\4.0\ISAM Formats\MicrosoftActiveServerPages
RegDB Val: Yes
RegDB Name: TextualOutput
RegDB Root: 2
RegDB Key: SOFTWARE\ICF Consulting\Traci 2.0\Jet\4.0\ISAM Formats\MicrosoftActiveServerPages
RegDB Val: Microsoft Active Server Pages (*.asp)
RegDB Name: OutputFormat
RegDB Root: 2
RegDB Key: SOFTWARE\ICF Consulting\Traci 2.0\Jet\4.0\ISAM Formats\MicrosoftActiveServerPages
RegDB Val: 1
RegDB Name: OneTablePerFile
RegDB Root: 2
RegDB Key: SOFTWARE\ICF Consulting\Traci 2.0\Jet\4.0\ISAM Formats\MicrosoftActiveServerPages
RegDB Val: Microsoft Active Server Pages (*.asp)
RegDB Name: ExportFilter
RegDB Root: 2
RegDB Key: SOFTWARE\ICF Consulting\Traci 2.0\Jet\4.0\ISAM Formats\MicrosoftActiveServerPages
RegDB Val: Yes
RegDB Name: DisableSelection
RegDB Root: 2
RegDB Key: SOFTWARE\ICF Consulting\Traci 2.0\Jet\4.0\ISAM Formats\MicrosoftActiveServerPages
RegDB Val: Yes
RegDB Name: DisableAutostart
RegDB Root: 2
RegDB Key: SOFTWARE\ICF Consulting\Traci 2.0\Jet\4.0\ISAM Formats\MicrosoftIIS
RegDB Val: Yes
RegDB Name: DisableSelection
RegDB Root: 2
RegDB Key: SOFTWARE\ICF Consulting\Traci 2.0\Jet\4.0\ISAM Formats\MicrosoftIIS
RegDB Val: Microsoft IIS 1-2 (*.htx; *.idc)
RegDB Name: ExportFilter
RegDB Root: 2
RegDB Key: SOFTWARE\ICF Consulting\Traci 2.0\Jet\4.0\ISAM Formats\MicrosoftIIS
RegDB Val: Yes
RegDB Name: TextualOutput
RegDB Root: 2
RegDB Key: SOFTWARE\ICF Consulting\Traci 2.0\Jet\4.0\ISAM Formats\MicrosoftIIS
RegDB Val: Microsoft IIS (*.htx; *.idc)
RegDB Name: OutputFormat
RegDB Root: 2
RegDB Key: SOFTWARE\ICF Consulting\Traci 2.0\Jet\4.0\ISAM Formats\MicrosoftIIS
RegDB Val: 1
RegDB Name: OneTablePerFile
RegDB Root: 2
RegDB Key: SOFTWARE\ICF Consulting\Traci 2.0\Jet\4.0\ISAM Formats\MicrosoftIIS
RegDB Val: Yes
RegDB Name: DisableAutostart
RegDB Root: 2
RegDB Key: SOFTWARE\ICF Consulting\Traci 2.0\Jet\4.0\ISAM Formats\Outlook 9.0
RegDB Val: mx_entry
RegDB Name: ImportWizardFunction
RegDB Root: 2
RegDB Key: SOFTWARE\ICF Consulting\Traci 2.0\Jet\4.0\ISAM Formats\Outlook 9.0
RegDB Val: YES
RegDB Name: AutoRun
RegDB Root: 2
RegDB Key: SOFTWARE\ICF Consulting\Traci 2.0\Jet\4.0\ISAM Formats\Rich Text Format
RegDB Val: Rich Text Format
RegDB Name: ReportFormat
RegDB Root: 2
RegDB Key: SOFTWARE\ICF Consulting\Traci 2.0\Jet\4.0\ISAM Formats\Rich Text Format
RegDB Val: Rich Text Format (*.rtf)
RegDB Name: OutputFormat
RegDB Root: 2
RegDB Key: SOFTWARE\ICF Consulting\Traci 2.0\Jet\4.0\ISAM Formats\Rich Text Format
RegDB Val: 1
RegDB Name: OneTablePerFile
RegDB Root: 2
RegDB Key: SOFTWARE\ICF Consulting\Traci 2.0\Jet\4.0\ISAM Formats\Rich Text Format
RegDB Val: Rich Text Format (*.rtf)
RegDB Name: ExportFilter
RegDB Root: 2
RegDB Key: SOFTWARE\ICF Consulting\Traci 2.0\Jet\4.0\ISAM Formats\Snapshot Format
RegDB Val: Yes
RegDB Name: Autostart
RegDB Root: 2
RegDB Key: SOFTWARE\ICF Consulting\Traci 2.0\Jet\4.0\ISAM Formats\Snapshot Format
RegDB Val: Snapshot Format
RegDB Name: ReportFormat
RegDB Root: 2
RegDB Key: SOFTWARE\ICF Consulting\Traci 2.0\Jet\4.0\ISAM Formats\Snapshot Format
RegDB Val: Yes
RegDB Name: OutputToOnly
RegDB Root: 2
RegDB Key: SOFTWARE\ICF Consulting\Traci 2.0\Jet\4.0\ISAM Formats\Snapshot Format
RegDB Val: Snapshot Format (*.snp)
RegDB Name: ExportFilter
RegDB Root: 2
RegDB Key: SOFTWARE\ICF Consulting\Traci 2.0\Jet\4.0\ISAM Formats\<SQL Database>
RegDB Val: 0
RegDB Name: OneTablePerFile
RegDB Root: 2
RegDB Key: SOFTWARE\ICF Consulting\Traci 2.0\Jet\4.0\ISAM Formats\<SQL Database>
RegDB Val: 0
RegDB Name: IndexDialog
RegDB Root: 2
RegDB Key: SOFTWARE\ICF Consulting\Traci 2.0\Jet\4.0\ISAM Formats\<SQL Database>
RegDB Val: ODBC Databases ()
RegDB Name: ImportFilter
RegDB Root: 2
RegDB Key: SOFTWARE\ICF Consulting\Traci 2.0\Jet\4.0\ISAM Formats\<SQL Database>
RegDB Val: ODBC Databases ()
RegDB Name: ExportFilter
RegDB Root: 2
RegDB Key: SOFTWARE\ICF Consulting\Traci 2.0\Jet\4.0\ISAM Formats\<SQL Database>
RegDB Val: 0
RegDB Name: CreateDBOnExport
RegDB Root: 2
RegDB Key: SOFTWARE\ICF Consulting\Traci 2.0\Jet\4.0\ISAM Formats\<SQL Database>
RegDB Val: 1
RegDB Name: CanLink
RegDB Root: 2
RegDB Key: SOFTWARE\ICF Consulting\Traci 2.0\Jet\4.0\ISAM Formats\Text
RegDB Val: mx_entry
RegDB Name: ImportWizardFunction
RegDB Root: 2
RegDB Key: SOFTWARE\ICF Consulting\Traci 2.0\Jet\4.0\ISAM Formats\Text
RegDB Val: mx_entry
RegDB Name: ImportWizardFunction
RegDB Root: 2
RegDB Old: mx_entry
RegDB Key: SOFTWARE\ICF Consulting\Traci 2.0\Jet\4.0\ISAM Formats\XML Export
RegDB Val: 0
RegDB Name: CanLink
RegDB Root: 2
RegDB Key: SOFTWARE\ICF Consulting\Traci 2.0\Jet\4.0\ISAM Formats\XML Export
RegDB Val: 0
RegDB Name: CreateDBOnExport
RegDB Root: 2
RegDB Key: SOFTWARE\ICF Consulting\Traci 2.0\Jet\4.0\ISAM Formats\XML Export
RegDB Val: Yes
RegDB Name: DisableAutostart
RegDB Root: 2
RegDB Key: SOFTWARE\ICF Consulting\Traci 2.0\Jet\4.0\ISAM Formats\XML Export
RegDB Val: XML Documents (*.xml)
RegDB Name: ExportFilter
RegDB Root: 2
RegDB Key: SOFTWARE\ICF Consulting\Traci 2.0\Jet\4.0\ISAM Formats\XML Export
RegDB Val: 0
RegDB Name: IndexDialog
RegDB Root: 2
RegDB Key: SOFTWARE\ICF Consulting\Traci 2.0\Jet\4.0\ISAM Formats\XML Export
RegDB Val: 2
RegDB Name: ISAMType
RegDB Root: 2
RegDB Key: SOFTWARE\ICF Consulting\Traci 2.0\Jet\4.0\ISAM Formats\XML Export
RegDB Val: 1
RegDB Name: OneTablePerFile
RegDB Root: 2
RegDB Key: SOFTWARE\ICF Consulting\Traci 2.0\Jet\4.0\ISAM Formats\XML Export
RegDB Val: XML (*.xml)
RegDB Name: OutputFormat
RegDB Root: 2
RegDB Key: SOFTWARE\ICF Consulting\Traci 2.0\Jet\4.0\ISAM Formats\XML Export
RegDB Val: XML (*.xml)
RegDB Name: ReportFormat
RegDB Root: 2
RegDB Key: SOFTWARE\ICF Consulting\Traci 2.0\Jet\4.0\ISAM Formats\XML Export
RegDB Val: Export data from the current database into a text file
RegDB Name: ResultTextExport
RegDB Root: 2
RegDB Key: SOFTWARE\ICF Consulting\Traci 2.0\Jet\4.0\ISAM Formats\XML Export
RegDB Val: 1
RegDB Name: SupportLongNames
RegDB Root: 2
RegDB Key: SOFTWARE\ICF Consulting\Traci 2.0\Jet\4.0\ISAM Formats\XML Import
RegDB Val: 0
RegDB Name: CanLink
RegDB Root: 2
RegDB Key: SOFTWARE\ICF Consulting\Traci 2.0\Jet\4.0\ISAM Formats\XML Import
RegDB Val: 0
RegDB Name: CreateDBOnExport
RegDB Root: 2
RegDB Key: SOFTWARE\ICF Consulting\Traci 2.0\Jet\4.0\ISAM Formats\XML Import
RegDB Val: Text
RegDB Name: Engine
RegDB Root: 2
RegDB Key: SOFTWARE\ICF Consulting\Traci 2.0\Jet\4.0\ISAM Formats\XML Import
RegDB Val: XML Documents (*.xml;*.xsd)
RegDB Name: ImportFilter
RegDB Root: 2
RegDB Key: SOFTWARE\ICF Consulting\Traci 2.0\Jet\4.0\ISAM Formats\XML Import
RegDB Val: 0
RegDB Name: IndexDialog
RegDB Root: 2
RegDB Key: SOFTWARE\ICF Consulting\Traci 2.0\Jet\4.0\ISAM Formats\XML Import
RegDB Val: 5
RegDB Name: ISAMType
RegDB Root: 2
RegDB Key: SOFTWARE\ICF Consulting\Traci 2.0\Jet\4.0\ISAM Formats\XML Import
RegDB Val: 0
RegDB Name: OneTablePerFile
RegDB Root: 2
RegDB Key: SOFTWARE\ICF Consulting\Traci 2.0\Jet\4.0\ISAM Formats\XML Import
RegDB Val: Import data from the external file into the current database
RegDB Name: ResultTextImport
RegDB Root: 2
RegDB Key: SOFTWARE\ICF Consulting\Traci 2.0\Jet\4.0\ISAM Formats\XML Import
RegDB Val: 1
RegDB Name: SupportLongNames
RegDB Root: 2
RegDB Key: SOFTWARE\ICF Consulting\Traci 2.0\Jet\4.0\ISAM Formats\Word for Windows Merge
RegDB Val: Microsoft Word Merge (*.txt)
RegDB Name: ExportFilter
RegDB Root: 2
RegDB Key: SOFTWARE\ICF Consulting\Traci 2.0\Jet\4.0\ISAM Formats\Word for Windows Merge
RegDB Val: Text
RegDB Name: Engine
RegDB Root: 2
RegDB Key: SOFTWARE\ICF Consulting\Traci 2.0\Jet\4.0\ISAM Formats\Word for Windows Merge
RegDB Val: Text;FMT=WordMerge
RegDB Name: ConnectSub
RegDB Root: 2
RegDB Key: SOFTWARE\ICF Consulting\Traci 2.0\Jet\4.0\ISAM Formats\Word for Windows Merge
RegDB Val: 1
RegDB Name: OneTablePerFile
RegDB Root: 2
RegDB Key: SOFTWARE\ICF Consulting\Traci 2.0\Jet\4.0\ISAM Formats\Word for Windows Merge
RegDB Val: 2
RegDB Name: ISAMType
RegDB Root: 2
RegDB Key: SOFTWARE\ICF Consulting\Traci 2.0\Speller
RegDB Val: 
RegDB Root: 2
File Copy: C:\Program Files\Traci 2.0\UNWISE.EXE | 03-24-2003 | 15:18:00 | | 153088 | 44998bd8
RegDB Key: Software\Microsoft\Windows\CurrentVersion\Uninstall\Traci 2.0
RegDB Val: Traci 2.0
RegDB Name: DisplayName
RegDB Root: 2
RegDB Old: Traci 2.0
RegDB Key: Software\Microsoft\Windows\CurrentVersion\Uninstall\Traci 2.0
RegDB Val: C:\PROGRA~1\TRACI2~1.0\UNWISE.EXE C:\PROGRA~1\TRACI2~1.0\INSTALL.LOG
RegDB Name: UninstallString
RegDB Root: 2
RegDB Old: C:\PROGRA~1\ICFCON~1\Traci\UNWISE.EXE C:\PROGRA~1\ICFCON~1\Traci\INSTALL.LOG
File Copy: C:\Program Files\Traci 2.0\TRACI.MDB | 10-25-2006 | 08:45:54 | | 13459456 | 20df5909
File Copy: C:\Program Files\Traci 2.0\TRACI_BE.mdb | 09-15-2006 | 11:31:40 | | 4050944 | bb098125
File Copy: C:\Program Files\Traci 2.0\TRACI.ICO | 08-19-2002 | 11:49:16 | | 766 | 3cf4cca5
File Copy: C:\Program Files\Traci 2.0\Tool.xdb | 09-21-2005 | 12:52:24 | | 2043904 | 51b75252
File Copy: C:\Program Files\Traci 2.0\TRACI2.chm | 09-21-2006 | 14:39:42 | | 223396 | 19759ca8
File Copy: C:\Program Files\Traci 2.0\system.mdw | 11-07-1998 | 00:43:56 | | 106496 | 428c461d
Shared DLL counter ignored:
File Overwrite: C:\WINDOWS\system32\comctl32.ocx | 05-22-2000 | 17:58:00 | 6.0.81.5 | 608448 | b80d4b6a
Shared DLL counter ignored:
File Overwrite: C:\WINDOWS\system32\Comdlg32.ocx | 03-13-2001 | 14:49:28 | 6.0.84.18 | 140288 | 84fbb29a
File Delete: C:\DOCUME~1\jbare\LOCALS~1\Temp\xcacls.exe
Backup Copy: C:\Program Files\Traci 2.0\BACKUP\xcacls.exe
RegDB Key: software\microsoft\windows\HTML Help
RegDB Val: C:\Program Files\Traci 2.0
RegDB Name: TRACI2.chm
RegDB Root: 2
Shell Link: C:\Documents and Settings\All Users\Start Menu\Programs\Traci 2.0\Traci.lnk
Link Info: C:\Program Files\Microsoft Access Runtime\Office10\runaccess.EXE | C:\Program Files\Traci 2.0 | C:\Program Files\Traci 2.0\TRACI.ICO | 0 | 1 | 0 | /excl  /runtime  /profile "Traci 2.0"  /wrkgrp "C:\Program Files\Traci 2.0\system.mdw" "C:\Program Files\Traci 2.0\TRACI.MDB"
Backup Copy: C:\Program Files\Traci 2.0\BACKUP\Traci.lnk
Shell Link: C:\Documents and Settings\All Users\Desktop\Traci.lnk
Link Info: C:\Program Files\Microsoft Access Runtime\Office10\runaccess.EXE | C:\Program Files\Traci 2.0 | C:\Program Files\Traci 2.0\TRACI.ICO | 0 | 1 | 0 | /excl  /runtime  /profile "Traci 2.0"  /wrkgrp "C:\Program Files\Traci 2.0\system.mdw" "C:\Program Files\Traci 2.0\TRACI.MDB"
Backup Copy: C:\Program Files\Traci 2.0\BACKUP\Traci.001
Shell Link: C:\Documents and Settings\All Users\Start Menu\Programs\Traci 2.0\Help.lnk
Link Info: C:\Program Files\Traci 2.0\TRACI2.chm | C:\Program Files\Traci 2.0 |  | 0 | 1 | 0 | 
Backup Copy: C:\Program Files\Traci 2.0\BACKUP\Help.lnk
Self-Register: C:\WINDOWS\system32\comctl32.ocx
Self-Register: C:\WINDOWS\system32\Comdlg32.ocx
User Rights: Admin
