[Params]
	WndTitle = TRACI
	WndMess = Starting TRACI Setup...
	TmpDirSize = 2000
	TmpDirName = ~msstfqf.t
	CmdLine = acmsetup /T setup.stf /S %s %s
	DrvModName = ACMSETUP
	DrvWinClass = Stuff-Shell
	Require31 = "This program requires Windows (R) 3.51 or higher."
[Files]
	ACMSETUP.EXE = ACMSETUP.EXE
	mssetup.dll = mssetup.dll
	msacccah.dll = msacccah.dll
	setup.stf = setup.stf
	setup.inf = setup.inf
	acmsetup.hlp = acmsetup.hlp
	msodeusa.dll = msodeusa.dll
	expand.exe = expand.exe
	msvcrt20.dll = msvcrt20.dll
	msvcrt40.dll = msvcrt40.dll
